
==============================================================================
BEHAVIOURAL-GRAM PROBE @ blocks.5.hook_resid_pre — 654 tokens across 12 prompts
==============================================================================

PAIR feat_7836 ↔ feat_11978  (within-cluster (highest Polygram overlap, 0.987))
------------------------------------------------------------------------------
  Polygram predicted overlap:  0.6013
  Real decoder squared cosine: 0.0150
  Co-occurrence (ReLU>0):     P(j|i)=0.9231  P(i|j)=1.0000  Jaccard=0.9231
    (i fires on 13/654 tokens, j fires on 12/654, both fire on 12)
  Pearson(act_i, act_j):       +1.0000
  Ablation KL (mean on each feature's fire tokens):
    KL(baseline || ablate-i) when i fires: 1.038e+00
    KL(baseline || ablate-j) when j fires: 1.929e+00
  Paired substitutability on 12 tokens where BOTH features fire:
    KL(baseline || ablate-i) on both-fire tokens: 1.124e+00
    KL(baseline || ablate-j) on both-fire tokens: 1.929e+00
    KL ratio i/j on both-fire tokens = 0.583 (substitutable when in [0.5, 2.0])

PAIR feat_7836 ↔ feat_15796  (cross-cluster (Polygram MPS 0.464, decoder 0.904))
------------------------------------------------------------------------------
  Polygram predicted overlap:  0.5065
  Real decoder squared cosine: 0.0001
  Co-occurrence (ReLU>0):     P(j|i)=0.9231  P(i|j)=1.0000  Jaccard=0.9231
    (i fires on 13/654 tokens, j fires on 12/654, both fire on 12)
  Pearson(act_i, act_j):       +1.0000
  Ablation KL (mean on each feature's fire tokens):
    KL(baseline || ablate-i) when i fires: 1.038e+00
    KL(baseline || ablate-j) when j fires: 1.295e+00
  Paired substitutability on 12 tokens where BOTH features fire:
    KL(baseline || ablate-i) on both-fire tokens: 1.124e+00
    KL(baseline || ablate-j) on both-fire tokens: 1.295e+00
    KL ratio i/j on both-fire tokens = 0.868 (substitutable when in [0.5, 2.0])
